\BOOKMARK [1][-]{section.1}{\376\377\000I\000n\000t\000r\000o\000d\000u\000c\000t\000i\000o\000n}{}% 1
\BOOKMARK [2][-]{subsection.1.1}{\376\377\000T\000h\000e\000\040\000m\000o\000d\000e\000l}{section.1}% 2
\BOOKMARK [2][-]{subsection.1.2}{\376\377\000R\000e\000s\000u\000l\000t\000s}{section.1}% 3
\BOOKMARK [2][-]{subsection.1.3}{\376\377\000P\000r\000e\000v\000i\000o\000u\000s\000\040\000w\000o\000r\000k}{section.1}% 4
\BOOKMARK [2][-]{subsection.1.4}{\376\377\000P\000r\000o\000o\000f\000\040\000o\000u\000t\000l\000i\000n\000e}{section.1}% 5
\BOOKMARK [1][-]{section.2}{\376\377\000T\000h\000e\000\040\000i\000m\000p\000o\000r\000t\000a\000n\000t\000\040\000e\000d\000g\000e\000s\000\040\000i\000n\000\040\000t\000h\000e\000\040\000d\000i\000s\000c\000r\000e\000t\000e\000\040\000a\000n\000d\000\040\000c\000o\000n\000t\000i\000n\000u\000u\000m}{}% 6
\BOOKMARK [2][-]{subsection.2.1}{\376\377\000T\000h\000e\000\040\000d\000i\000s\000c\000r\000e\000t\000e\000\040\000c\000a\000s\000e}{section.2}% 7
\BOOKMARK [3][-]{subsubsection.2.1.1}{\376\377\000N\000e\000c\000e\000s\000s\000a\000r\000y\000\040\000c\000o\000n\000d\000i\000t\000i\000o\000n\000s\000\040\000f\000o\000r\000\040\000a\000n\000\040\000e\000d\000g\000e\000\040\000t\000o\000\040\000b\000e\000\040\000p\000a\000r\000t\000\040\000o\000f\000\040\000a\000n\000\040\000S\000C\000C}{subsection.2.1}% 8
\BOOKMARK [3][-]{subsubsection.2.1.2}{\376\377\000S\000a\000m\000p\000l\000i\000n\000g\000\040\000t\000h\000e\000\040\000o\000u\000t\000-\000f\000o\000r\000e\000s\000t}{subsection.2.1}% 9
\BOOKMARK [3][-]{subsubsection.2.1.3}{\376\377\000S\000a\000m\000p\000l\000i\000n\000g\000\040\000t\000h\000e\000\040\000c\000a\000n\000d\000i\000d\000a\000t\000e\000s}{subsection.2.1}% 10
\BOOKMARK [3][-]{subsubsection.2.1.4}{\376\377\000T\000h\000e\000\040\000c\000u\000t\000t\000i\000n\000g\000\040\000p\000r\000o\000c\000e\000d\000u\000r\000e}{subsection.2.1}% 11
\BOOKMARK [2][-]{subsection.2.2}{\376\377\000T\000h\000e\000\040\000c\000o\000n\000t\000i\000n\000u\000u\000m\000\040\000c\000a\000s\000e}{section.2}% 12
\BOOKMARK [3][-]{subsubsection.2.2.1}{\376\377\000R\000-\000t\000r\000e\000e\000s\000\040\000a\000n\000d\000\040\000t\000h\000e\000i\000r\000\040\000e\000n\000c\000o\000d\000i\000n\000g}{subsection.2.2}% 13
\BOOKMARK [3][-]{subsubsection.2.2.2}{\376\377\000T\000h\000e\000\040\000l\000i\000m\000i\000t\000\040\000o\000b\000j\000e\000c\000t}{subsection.2.2}% 14
\BOOKMARK [3][-]{subsubsection.2.2.3}{\376\377\000T\000h\000e\000\040\000c\000u\000t\000t\000i\000n\000g\000\040\000p\000r\000o\000c\000e\000d\000u\000r\000e}{subsection.2.2}% 15
\BOOKMARK [1][-]{section.3}{\376\377\000C\000o\000n\000v\000e\000r\000g\000e\000n\000c\000e\000\040\000o\000f\000\040\000t\000h\000e\000\040\000o\000u\000t\000-\000f\000o\000r\000e\000s\000t}{}% 16
\BOOKMARK [2][-]{subsection.3.1}{\376\377\000T\000h\000e\000\040\000m\000e\000a\000s\000u\000r\000e\000\040\000c\000h\000a\000n\000g\000e\000\040\000a\000n\000d\000\040\000i\000t\000s\000\040\000c\000o\000n\000v\000e\000r\000g\000e\000n\000c\000e}{section.3}% 17
\BOOKMARK [2][-]{subsection.3.2}{\376\377\000A\000d\000d\000i\000n\000g\000\040\000p\000u\000r\000p\000l\000e\000\040\000v\000e\000r\000t\000i\000c\000e\000s\000\040\000t\000o\000\040\000a\000\040\000G\000a\000l\000t\000o\000n\000-\000W\000a\000t\000s\000o\000n\000\040\000f\000o\000r\000e\000s\000t}{section.3}% 18
\BOOKMARK [3][-]{subsubsection.3.2.1}{\376\377\000C\000o\000n\000v\000e\000r\000g\000e\000n\000c\000e\000\040\000o\000f\000\040\000t\000h\000e\000\040\001\101\000u\000k\000a\000s\000i\000e\000w\000i\000c\000z\000\040\000p\000a\000t\000h}{subsection.3.2}% 19
\BOOKMARK [3][-]{subsubsection.3.2.2}{\376\377\000C\000o\000n\000v\000e\000r\000g\000e\000n\000c\000e\000\040\000o\000f\000\040\000t\000h\000e\000\040\000h\000e\000i\000g\000h\000t\000\040\000p\000r\000o\000c\000e\000s\000s}{subsection.3.2}% 20
\BOOKMARK [2][-]{subsection.3.3}{\376\377\000A\000p\000p\000l\000y\000i\000n\000g\000\040\000t\000h\000e\000\040\000m\000e\000a\000s\000u\000r\000e\000\040\000c\000h\000a\000n\000g\000e\000\040\000t\000o\000\040\000p\000r\000o\000v\000e\000\040\000T\000h\000e\000o\000r\000e\000m\000\040\000?\000?}{section.3}% 21
\BOOKMARK [2][-]{subsection.3.4}{\376\377\000C\000o\000n\000v\000e\000r\000g\000e\000n\000c\000e\000\040\000o\000f\000\040\000t\000h\000e\000\040\000o\000u\000t\000-\000f\000o\000r\000e\000s\000t\000\040\000h\000o\000l\000d\000s\000\040\000c\000o\000n\000d\000i\000t\000i\000o\000n\000a\000l\000\040\000o\000n\000\040\000t\000h\000e\000\040\000m\000u\000l\000t\000i\000g\000r\000a\000p\000h\000\040\000b\000e\000i\000n\000g\000\040\000s\000i\000m\000p\000l\000e}{section.3}% 22
\BOOKMARK [1][-]{section.4}{\376\377\000C\000o\000n\000v\000e\000r\000g\000e\000n\000c\000e\000\040\000o\000f\000\040\000t\000h\000e\000\040\000s\000t\000r\000o\000n\000g\000l\000y\000\040\000c\000o\000n\000n\000e\000c\000t\000e\000d\000\040\000c\000o\000m\000p\000o\000n\000e\000n\000t\000s\000\040\000u\000n\000d\000e\000r\000\040\000r\000e\000s\000c\000a\000l\000i\000n\000g}{}% 23
\BOOKMARK [2][-]{subsection.4.1}{\376\377\000C\000o\000n\000v\000e\000r\000g\000e\000n\000c\000e\000\040\000o\000f\000\040\000t\000h\000e\000\040\000o\000u\000t\000-\000c\000o\000m\000p\000o\000n\000e\000n\000t\000s\000\040\000t\000h\000a\000t\000\040\000c\000o\000n\000t\000a\000i\000n\000\040\000a\000n\000\040\000a\000n\000c\000e\000s\000t\000r\000a\000l\000\040\000s\000u\000r\000p\000l\000u\000s\000\040\000e\000d\000g\000e}{section.4}% 24
\BOOKMARK [2][-]{subsection.4.2}{\376\377\000E\000x\000t\000r\000a\000c\000t\000i\000n\000g\000\040\000t\000h\000e\000\040\000i\000m\000p\000o\000r\000t\000a\000n\000t\000\040\000c\000o\000m\000p\000o\000n\000e\000n\000t\000s\000\040\000o\000f\000\040\000t\000h\000e\000\040\000o\000u\000t\000-\000f\000o\000r\000e\000s\000t}{section.4}% 25
\BOOKMARK [2][-]{subsection.4.3}{\376\377\000C\000o\000n\000v\000e\000r\000g\000e\000n\000c\000e\000\040\000o\000f\000\040\000t\000h\000e\000\040\000s\000e\000t\000\040\000o\000f\000\040\000c\000a\000n\000d\000i\000d\000a\000t\000e\000s}{section.4}% 26
