This is pdfTeX, Version 3.141592653-2.6-1.40.22 (MiKTeX 21.2) (preloaded format=pdflatex 2021.4.9)  12 MAY 2021 13:01
entering extended mode
**c:/Users/Zhene/Documents/Directed-graphs/main.tex
(c:/Users/Zhene/Documents/Directed-graphs/main.tex
LaTeX2e <2020-10-01> patch level 4
L3 programming layer <2021-02-18> xparse <2020-03-03> (C:\Users\Zhene\AppData\Local\Programs\MiKTeX\tex/latex/base\article.cls
Document Class: article 2020/04/10 v1.4m Standard LaTeX document class
(C:\Users\Zhene\AppData\Local\Programs\MiKTeX\tex/latex/base\size11.clo
File: size11.clo 2020/04/10 v1.4m Standard LaTeX file (size option)
)
\c@part=\count179
\c@section=\count180
\c@subsection=\count181
\c@subsubsection=\count182
\c@paragraph=\count183
\c@subparagraph=\count184
\c@figure=\count185
\c@table=\count186
\abovecaptionskip=\skip47
\belowcaptionskip=\skip48
\bibindent=\dimen138
) (C:\Users\Zhene\AppData\Local\Programs\MiKTeX\tex/latex/base\inputenc.sty
Package: inputenc 2020/08/01 v1.3d Input encoding file
\inpenc@prehook=\toks15
\inpenc@posthook=\toks16
) (C:\Users\Zhene\AppData\Local\Programs\MiKTeX\tex/latex/amsfonts\amsfonts.sty
Package: amsfonts 2013/01/14 v3.01 Basic AMSFonts support
\@emptytoks=\toks17
\symAMSa=\mathgroup4
\symAMSb=\mathgroup5
LaTeX Font Info:    Redeclaring math symbol \hbar on input line 98.
LaTeX Font Info:    Overwriting math alphabet `\mathfrak' in version `bold'
(Font)                  U/euf/m/n --> U/euf/b/n on input line 106.
) (C:\Users\Zhene\AppData\Local\Programs\MiKTeX\tex/latex/amsfonts\amssymb.sty
Package: amssymb 2013/01/14 v3.01 AMS font symbols
) (C:\Users\Zhene\AppData\Local\Programs\MiKTeX\tex/latex/amsmath\amsmath.sty
Package: amsmath 2020/09/23 v2.17i AMS math features
\@mathmargin=\skip49

For additional information on amsmath, use the `?' option.
(C:\Users\Zhene\AppData\Local\Programs\MiKTeX\tex/latex/amsmath\amstext.sty
Package: amstext 2000/06/29 v2.01 AMS text
 (C:\Users\Zhene\AppData\Local\Programs\MiKTeX\tex/latex/amsmath\amsgen.sty
File: amsgen.sty 1999/11/30 v2.0 generic functions
\@emptytoks=\toks18
\ex@=\dimen139
)) (C:\Users\Zhene\AppData\Local\Programs\MiKTeX\tex/latex/amsmath\amsbsy.sty
Package: amsbsy 1999/11/29 v1.2d Bold Symbols
\pmbraise@=\dimen140
) (C:\Users\Zhene\AppData\Local\Programs\MiKTeX\tex/latex/amsmath\amsopn.sty
Package: amsopn 2016/03/08 v2.02 operator names
)
\inf@bad=\count187
LaTeX Info: Redefining \frac on input line 234.
\uproot@=\count188
\leftroot@=\count189
LaTeX Info: Redefining \overline on input line 399.
\classnum@=\count190
\DOTSCASE@=\count191
LaTeX Info: Redefining \ldots on input line 496.
LaTeX Info: Redefining \dots on input line 499.
LaTeX Info: Redefining \cdots on input line 620.
\Mathstrutbox@=\box47
\strutbox@=\box48
\big@size=\dimen141
LaTeX Font Info:    Redeclaring font encoding OML on input line 743.
LaTeX Font Info:    Redeclaring font encoding OMS on input line 744.
\macc@depth=\count192
\c@MaxMatrixCols=\count193
\dotsspace@=\muskip16
\c@parentequation=\count194
\dspbrk@lvl=\count195
\tag@help=\toks19
\row@=\count196
\column@=\count197
\maxfields@=\count198
\andhelp@=\toks20
\eqnshift@=\dimen142
\alignsep@=\dimen143
\tagshift@=\dimen144
\tagwidth@=\dimen145
\totwidth@=\dimen146
\lineht@=\dimen147
\@envbody=\toks21
\multlinegap=\skip50
\multlinetaggap=\skip51
\mathdisplay@stack=\toks22
LaTeX Info: Redefining \[ on input line 2923.
LaTeX Info: Redefining \] on input line 2924.
) (C:\Users\Zhene\AppData\Local\Programs\MiKTeX\tex/latex/mathtools\mathtools.sty
Package: mathtools 2021/03/18 v1.25 mathematical typesetting tools
 (C:\Users\Zhene\AppData\Local\Programs\MiKTeX\tex/latex/graphics\keyval.sty
Package: keyval 2014/10/28 v1.15 key=value parser (DPC)
\KV@toks@=\toks23
) (C:\Users\Zhene\AppData\Local\Programs\MiKTeX\tex/latex/latex-tools\calc.sty
Package: calc 2017/05/25 v4.3 Infix arithmetic (KKT,FJ)
\calc@Acount=\count199
\calc@Bcount=\count266
\calc@Adimen=\dimen148
\calc@Bdimen=\dimen149
\calc@Askip=\skip52
\calc@Bskip=\skip53
LaTeX Info: Redefining \setlength on input line 80.
LaTeX Info: Redefining \addtolength on input line 81.
\calc@Ccount=\count267
\calc@Cskip=\skip54
) (C:\Users\Zhene\AppData\Local\Programs\MiKTeX\tex/latex/mathtools\mhsetup.sty
Package: mhsetup 2021/03/18 v1.4 programming setup (MH)
)
LaTeX Info: Thecontrolsequence`\('isalreadyrobust on input line 130.
LaTeX Info: Thecontrolsequence`\)'isalreadyrobust on input line 130.
LaTeX Info: Thecontrolsequence`\['isalreadyrobust on input line 130.
LaTeX Info: Thecontrolsequence`\]'isalreadyrobust on input line 130.
\g_MT_multlinerow_int=\count268
\l_MT_multwidth_dim=\dimen150
\origjot=\skip55
\l_MT_shortvdotswithinadjustabove_dim=\dimen151
\l_MT_shortvdotswithinadjustbelow_dim=\dimen152
\l_MT_above_intertext_sep=\dimen153
\l_MT_below_intertext_sep=\dimen154
\l_MT_above_shortintertext_sep=\dimen155
\l_MT_below_shortintertext_sep=\dimen156
\xmathstrut@box=\box49
\xmathstrut@dim=\dimen157
) (C:\Users\Zhene\AppData\Local\Programs\MiKTeX\tex/latex/graphics\graphicx.sty
Package: graphicx 2020/09/09 v1.2b Enhanced LaTeX Graphics (DPC,SPQR)
 (C:\Users\Zhene\AppData\Local\Programs\MiKTeX\tex/latex/graphics\graphics.sty
Package: graphics 2020/08/30 v1.4c Standard LaTeX Graphics (DPC,SPQR)
 (C:\Users\Zhene\AppData\Local\Programs\MiKTeX\tex/latex/graphics\trig.sty
Package: trig 2016/01/03 v1.10 sin cos tan (DPC)
) (C:\Users\Zhene\AppData\Local\Programs\MiKTeX\tex/latex/graphics-cfg\graphics.cfg
File: graphics.cfg 2016/06/04 v1.11 sample graphics configuration
)
Package graphics Info: Driver file: pdftex.def on input line 105.
 (C:\Users\Zhene\AppData\Local\Programs\MiKTeX\tex/latex/graphics-def\pdftex.def
File: pdftex.def 2020/10/05 v1.2a Graphics/color driver for pdftex
))
\Gin@req@height=\dimen158
\Gin@req@width=\dimen159
) (C:\Users\Zhene\AppData\Local\Programs\MiKTeX\tex/latex/caption\caption.sty
Package: caption 2020/10/26 v3.5g Customizing captions (AR)
 (C:\Users\Zhene\AppData\Local\Programs\MiKTeX\tex/latex/caption\caption3.sty
Package: caption3 2020/10/21 v2.2e caption3 kernel (AR)
\captionmargin=\dimen160
\captionmargin@=\dimen161
\captionwidth=\dimen162
\caption@tempdima=\dimen163
\caption@indent=\dimen164
\caption@parindent=\dimen165
\caption@hangindent=\dimen166
Package caption Info: Standard document class detected.
)
\c@caption@flags=\count269
\c@continuedfloat=\count270
) (C:\Users\Zhene\AppData\Local\Programs\MiKTeX\tex/latex/caption\subcaption.sty
Package: subcaption 2020/10/07 v1.3j Sub-captions (AR)
\c@subfigure=\count271
\c@subtable=\count272
) (C:\Users\Zhene\AppData\Local\Programs\MiKTeX\tex/latex/hyperref\hyperref.sty
Package: hyperref 2021-02-10 v7.00j Hypertext links for LaTeX
 (C:\Users\Zhene\AppData\Local\Programs\MiKTeX\tex/generic/ltxcmds\ltxcmds.sty
Package: ltxcmds 2020-05-10 v1.25 LaTeX kernel commands for general use (HO)
) (C:\Users\Zhene\AppData\Local\Programs\MiKTeX\tex/generic/iftex\iftex.sty
Package: iftex 2020/03/06 v1.0d TeX engine tests
) (C:\Users\Zhene\AppData\Local\Programs\MiKTeX\tex/generic/pdftexcmds\pdftexcmds.sty
Package: pdftexcmds 2020-06-27 v0.33 Utility functions of pdfTeX for LuaTeX (HO)
 (C:\Users\Zhene\AppData\Local\Programs\MiKTeX\tex/generic/infwarerr\infwarerr.sty
Package: infwarerr 2019/12/03 v1.5 Providing info/warning/error messages (HO)
)
Package pdftexcmds Info: \pdf@primitive is available.
Package pdftexcmds Info: \pdf@ifprimitive is available.
Package pdftexcmds Info: \pdfdraftmode found.
) (C:\Users\Zhene\AppData\Local\Programs\MiKTeX\tex/generic/kvsetkeys\kvsetkeys.sty
Package: kvsetkeys 2019/12/15 v1.18 Key value parser (HO)
) (C:\Users\Zhene\AppData\Local\Programs\MiKTeX\tex/generic/kvdefinekeys\kvdefinekeys.sty
Package: kvdefinekeys 2019-12-19 v1.6 Define keys (HO)
) (C:\Users\Zhene\AppData\Local\Programs\MiKTeX\tex/generic/pdfescape\pdfescape.sty
Package: pdfescape 2019/12/09 v1.15 Implements pdfTeX's escape features (HO)
) (C:\Users\Zhene\AppData\Local\Programs\MiKTeX\tex/latex/hycolor\hycolor.sty
Package: hycolor 2020-01-27 v1.10 Color options for hyperref/bookmark (HO)
) (C:\Users\Zhene\AppData\Local\Programs\MiKTeX\tex/latex/letltxmacro\letltxmacro.sty
Package: letltxmacro 2019/12/03 v1.6 Let assignment for LaTeX macros (HO)
) (C:\Users\Zhene\AppData\Local\Programs\MiKTeX\tex/latex/auxhook\auxhook.sty
Package: auxhook 2019-12-17 v1.6 Hooks for auxiliary files (HO)
) (C:\Users\Zhene\AppData\Local\Programs\MiKTeX\tex/latex/kvoptions\kvoptions.sty
Package: kvoptions 2020-10-07 v3.14 Key value format for package options (HO)
)
\@linkdim=\dimen167
\Hy@linkcounter=\count273
\Hy@pagecounter=\count274
 (C:\Users\Zhene\AppData\Local\Programs\MiKTeX\tex/latex/hyperref\pd1enc.def
File: pd1enc.def 2021-02-10 v7.00j Hyperref: PDFDocEncoding definition (HO)
Now handling font encoding PD1 ...
... no UTF-8 mapping file for font encoding PD1
) (C:\Users\Zhene\AppData\Local\Programs\MiKTeX\tex/latex/hyperref\hyperref-langpatches.def
File: hyperref-langpatches.def 2021-02-10 v7.00j Hyperref: patches for babel languages
) (C:\Users\Zhene\AppData\Local\Programs\MiKTeX\tex/generic/intcalc\intcalc.sty
Package: intcalc 2019/12/15 v1.3 Expandable calculations with integers (HO)
) (C:\Users\Zhene\AppData\Local\Programs\MiKTeX\tex/generic/etexcmds\etexcmds.sty
Package: etexcmds 2019/12/15 v1.7 Avoid name clashes with e-TeX commands (HO)
)
\Hy@SavedSpaceFactor=\count275
 (C:\Users\Zhene\AppData\Local\Programs\MiKTeX\tex/latex/hyperref\puenc.def
File: puenc.def 2021-02-10 v7.00j Hyperref: PDF Unicode definition (HO)
Now handling font encoding PU ...
... no UTF-8 mapping file for font encoding PU
)
Package hyperref Info: Option `colorlinks' set `true' on input line 4073.
Package hyperref Info: Hyper figures OFF on input line 4192.
Package hyperref Info: Link nesting OFF on input line 4197.
Package hyperref Info: Hyper index ON on input line 4200.
Package hyperref Info: Plain pages OFF on input line 4207.
Package hyperref Info: Backreferencing OFF on input line 4212.
Package hyperref Info: Implicit mode ON; LaTeX internals redefined.
Package hyperref Info: Bookmarks ON on input line 4445.
\c@Hy@tempcnt=\count276
 (C:\Users\Zhene\AppData\Local\Programs\MiKTeX\tex/latex/url\url.sty
\Urlmuskip=\muskip17
Package: url 2013/09/16  ver 3.4  Verb mode for urls, etc.
)
LaTeX Info: Redefining \url on input line 4804.
\XeTeXLinkMargin=\dimen168
 (C:\Users\Zhene\AppData\Local\Programs\MiKTeX\tex/generic/bitset\bitset.sty
Package: bitset 2019/12/09 v1.3 Handle bit-vector datatype (HO)
 (C:\Users\Zhene\AppData\Local\Programs\MiKTeX\tex/generic/bigintcalc\bigintcalc.sty
Package: bigintcalc 2019/12/15 v1.5 Expandable calculations on big integers (HO)
))
\Fld@menulength=\count277
\Field@Width=\dimen169
\Fld@charsize=\dimen170
Package hyperref Info: Hyper figures OFF on input line 6075.
Package hyperref Info: Link nesting OFF on input line 6080.
Package hyperref Info: Hyper index ON on input line 6083.
Package hyperref Info: backreferencing OFF on input line 6090.
Package hyperref Info: Link coloring ON on input line 6093.
Package hyperref Info: Link coloring with OCG OFF on input line 6100.
Package hyperref Info: PDF/A mode OFF on input line 6105.
LaTeX Info: Redefining \ref on input line 6145.
LaTeX Info: Redefining \pageref on input line 6149.
 (C:\Users\Zhene\AppData\Local\Programs\MiKTeX\tex/latex/base\atbegshi-ltx.sty
Package: atbegshi-ltx 2020/08/17 v1.0a Emulation of the original atbegshi package
with kernel methods
)
\Hy@abspage=\count278
\c@Item=\count279
\c@Hfootnote=\count280
)
Package hyperref Info: Driver (autodetected): hpdftex.
 (C:\Users\Zhene\AppData\Local\Programs\MiKTeX\tex/latex/hyperref\hpdftex.def
File: hpdftex.def 2021-02-10 v7.00j Hyperref driver for pdfTeX
 (C:\Users\Zhene\AppData\Local\Programs\MiKTeX\tex/latex/base\atveryend-ltx.sty
Package: atveryend-ltx 2020/08/19 v1.0a Emulation of the original atvery package
with kernel methods
)
\Fld@listcount=\count281
\c@bookmark@seq@number=\count282
 (C:\Users\Zhene\AppData\Local\Programs\MiKTeX\tex/latex/rerunfilecheck\rerunfilecheck.sty
Package: rerunfilecheck 2019/12/05 v1.9 Rerun checks for auxiliary files (HO)
 (C:\Users\Zhene\AppData\Local\Programs\MiKTeX\tex/generic/uniquecounter\uniquecounter.sty
Package: uniquecounter 2019/12/15 v1.4 Provide unlimited unique counter (HO)
)
Package uniquecounter Info: New unique counter `rerunfilecheck' on input line 286.
)
\Hy@SectionHShift=\skip56
) (C:\Users\Zhene\AppData\Local\Programs\MiKTeX\tex/latex/latex-tools\varioref.sty
Package: varioref 2020/08/11 v1.6e package for extended references (FMi)
\c@vrcnt=\count283
) (C:\Users\Zhene\AppData\Local\Programs\MiKTeX\tex/latex/cleveref\cleveref.sty
Package: cleveref 2018/03/27 v0.21.4 Intelligent cross-referencing
Package cleveref Info: `hyperref' support loaded on input line 2370.
LaTeX Info: Redefining \cref on input line 2370.
LaTeX Info: Redefining \Cref on input line 2370.
LaTeX Info: Redefining \crefrange on input line 2370.
LaTeX Info: Redefining \Crefrange on input line 2370.
LaTeX Info: Redefining \cpageref on input line 2370.
LaTeX Info: Redefining \Cpageref on input line 2370.
LaTeX Info: Redefining \cpagerefrange on input line 2370.
LaTeX Info: Redefining \Cpagerefrange on input line 2370.
LaTeX Info: Redefining \labelcref on input line 2370.
LaTeX Info: Redefining \labelcpageref on input line 2370.
Package cleveref Info: `varioref' support loaded on input line 2605.
Package cleveref Info: `cleveref' supersedes `varioref's \labelformatcommand on input line 2605.
LaTeX Info: Redefining \vref on input line 2605.
LaTeX Info: Redefining \Vref on input line 2605.
LaTeX Info: Redefining \vrefrange on input line 2605.
LaTeX Info: Redefining \fullref on input line 2605.
) (C:\Users\Zhene\AppData\Local\Programs\MiKTeX\tex/latex/amscls\amsthm.sty
Package: amsthm 2020/05/29 v2.20.6
\thm@style=\toks24
\thm@bodyfont=\toks25
\thm@headfont=\toks26
\thm@notefont=\toks27
\thm@headpunct=\toks28
\thm@preskip=\skip57
\thm@postskip=\skip58
\thm@headsep=\skip59
\dth@everypar=\toks29
) (C:\Users\Zhene\AppData\Local\Programs\MiKTeX\tex/latex/thmtools\thmtools.sty
Package: thmtools 2020/08/01 v0.72
\thmt@toks=\toks30
\c@thmt@dummyctr=\count284
 (C:\Users\Zhene\AppData\Local\Programs\MiKTeX\tex/latex/thmtools\thm-patch.sty
Package: thm-patch 2020/08/01 v0.72
 (C:\Users\Zhene\AppData\Local\Programs\MiKTeX\tex/latex/thmtools\parseargs.sty
Package: parseargs 2020/08/01 v0.72
\@parsespec=\toks31
)) (C:\Users\Zhene\AppData\Local\Programs\MiKTeX\tex/latex/thmtools\thm-kv.sty
Package: thm-kv 2020/08/01 v0.72
Package thm-kv Info: Theorem names will be uppercased on input line 42.
Package thm-kv Info: kvsetkeys patch (v1.16 or later) on input line 158.
) (C:\Users\Zhene\AppData\Local\Programs\MiKTeX\tex/latex/thmtools\thm-autoref.sty
Package: thm-autoref 2020/08/01 v0.72
 (C:\Users\Zhene\AppData\Local\Programs\MiKTeX\tex/latex/thmtools\aliasctr.sty
Package: aliasctr 2020/08/01 v0.72
)) (C:\Users\Zhene\AppData\Local\Programs\MiKTeX\tex/latex/thmtools\thm-listof.sty
Package: thm-listof 2020/08/01 v0.72
) (C:\Users\Zhene\AppData\Local\Programs\MiKTeX\tex/latex/thmtools\thm-restate.sty
Package: thm-restate 2020/08/01 v0.72
) (C:\Users\Zhene\AppData\Local\Programs\MiKTeX\tex/latex/thmtools\thm-amsthm.sty
Package: thm-amsthm 2020/08/01 v0.72
\thmt@style@headstyle=\toks32
))
\c@theorem=\count285
 (C:\Users\Zhene\AppData\Local\Programs\MiKTeX\tex/latex/xcolor\xcolor.sty
Package: xcolor 2016/05/11 v2.12 LaTeX color extensions (UK)
 (C:\Users\Zhene\AppData\Local\Programs\MiKTeX\tex/latex/graphics-cfg\color.cfg
File: color.cfg 2016/01/02 v1.6 sample color configuration
)
Package xcolor Info: Driver file: pdftex.def on input line 225.
Package xcolor Info: Model `cmy' substituted by `cmy0' on input line 1348.
Package xcolor Info: Model `hsb' substituted by `rgb' on input line 1352.
Package xcolor Info: Model `RGB' extended on input line 1364.
Package xcolor Info: Model `HTML' substituted by `rgb' on input line 1366.
Package xcolor Info: Model `Hsb' substituted by `hsb' on input line 1367.
Package xcolor Info: Model `tHsb' substituted by `hsb' on input line 1368.
Package xcolor Info: Model `HSB' substituted by `hsb' on input line 1369.
Package xcolor Info: Model `Gray' substituted by `gray' on input line 1370.
Package xcolor Info: Model `wave' substituted by `hsb' on input line 1371.
) (C:\Users\Zhene\AppData\Local\Programs\MiKTeX\tex/latex/stmaryrd\stmaryrd.sty
Package: stmaryrd 1994/03/03 St Mary's Road symbol package
\symstmry=\mathgroup6
LaTeX Font Info:    Overwriting symbol font `stmry' in version `bold'
(Font)                  U/stmry/m/n --> U/stmry/b/n on input line 89.
) (C:\Users\Zhene\AppData\Local\Programs\MiKTeX\tex/latex/l3backend\l3backend-pdftex.def
File: l3backend-pdftex.def 2021-02-18 L3 backend support: PDF output (pdfTeX)
\l__color_backend_stack_int=\count286
\l__pdf_internal_box=\box50
) (c:/Users\Zhene\Documents\Directed-graphs\main.aux)
\openout1 = `main.aux'.

LaTeX Font Info:    Checking defaults for OML/cmm/m/it on input line 110.
LaTeX Font Info:    ... okay on input line 110.
LaTeX Font Info:    Checking defaults for OMS/cmsy/m/n on input line 110.
LaTeX Font Info:    ... okay on input line 110.
LaTeX Font Info:    Checking defaults for OT1/cmr/m/n on input line 110.
LaTeX Font Info:    ... okay on input line 110.
LaTeX Font Info:    Checking defaults for T1/cmr/m/n on input line 110.
LaTeX Font Info:    ... okay on input line 110.
LaTeX Font Info:    Checking defaults for TS1/cmr/m/n on input line 110.
LaTeX Font Info:    ... okay on input line 110.
LaTeX Font Info:    Checking defaults for OMX/cmex/m/n on input line 110.
LaTeX Font Info:    ... okay on input line 110.
LaTeX Font Info:    Checking defaults for U/cmr/m/n on input line 110.
LaTeX Font Info:    ... okay on input line 110.
LaTeX Font Info:    Checking defaults for PD1/pdf/m/n on input line 110.
LaTeX Font Info:    ... okay on input line 110.
LaTeX Font Info:    Checking defaults for PU/pdf/m/n on input line 110.
LaTeX Font Info:    ... okay on input line 110.
 (C:\Users\Zhene\AppData\Local\Programs\MiKTeX\tex/context/base/mkii\supp-pdf.mkii
[Loading MPS to PDF converter (version 2006.09.02).]
\scratchcounter=\count287
\scratchdimen=\dimen171
\scratchbox=\box51
\nofMPsegments=\count288
\nofMParguments=\count289
\everyMPshowfont=\toks33
\MPscratchCnt=\count290
\MPscratchDim=\dimen172
\MPnumerator=\count291
\makeMPintoPDFobject=\count292
\everyMPtoPDFconversion=\toks34
) (C:\Users\Zhene\AppData\Local\Programs\MiKTeX\tex/latex/epstopdf-pkg\epstopdf-base.sty
Package: epstopdf-base 2020-01-24 v2.11 Base part for package epstopdf
Package epstopdf-base Info: Redefining graphics rule for `.eps' on input line 485.
)
Package caption Info: Begin \AtBeginDocument code.
Package caption Info: hyperref package is loaded.
Package caption Info: End \AtBeginDocument code.
Package hyperref Info: Link coloring ON on input line 110.
 (C:\Users\Zhene\AppData\Local\Programs\MiKTeX\tex/latex/hyperref\nameref.sty
Package: nameref 2021-04-02 v2.47 Cross-referencing by name of section
 (C:\Users\Zhene\AppData\Local\Programs\MiKTeX\tex/latex/refcount\refcount.sty
Package: refcount 2019/12/15 v3.6 Data extraction from label references (HO)
) (C:\Users\Zhene\AppData\Local\Programs\MiKTeX\tex/generic/gettitlestring\gettitlestring.sty
Package: gettitlestring 2019/12/15 v1.6 Cleanup title references (HO)
)
\c@section@level=\count293
LaTeX Info: Redefining \Ref on input line 520.
)
LaTeX Info: Redefining \ref on input line 110.
LaTeX Info: Redefining \pageref on input line 110.
LaTeX Info: Redefining \nameref on input line 110.
\@outlinefile=\write3
\openout3 = `main.out'.

LaTeX Info: Redefining \Ref on input line 110.
LaTeX Font Info:    Trying to load font information for U+msa on input line 113.
 (C:\Users\Zhene\AppData\Local\Programs\MiKTeX\tex/latex/amsfonts\umsa.fd
File: umsa.fd 2013/01/14 v3.01 AMS symbols A
)
LaTeX Font Info:    Trying to load font information for U+msb on input line 113.
 (C:\Users\Zhene\AppData\Local\Programs\MiKTeX\tex/latex/amsfonts\umsb.fd
File: umsb.fd 2013/01/14 v3.01 AMS symbols B
)
LaTeX Font Info:    Trying to load font information for U+stmry on input line 113.
 (C:\Users\Zhene\AppData\Local\Programs\MiKTeX\tex/latex/stmaryrd\ustmry.fd)
\tf@toc=\write4
\openout4 = `main.toc'.

 (c:/Users\Zhene\Documents\Directed-graphs\Content/Sections/Introduction.tex
Underfull \hbox (badness 10000) in paragraph at lines 3--4

 []

[1

{C:/Users/Zhene/AppData/Local/MiKTeX/pdftex/config/pdftex.map}]

LaTeX Warning: Citation `Conchon2018' on page 2 undefined on input line 33.


LaTeX Warning: Citation `Goldschmidt2019' on page 2 undefined on input line 33.


LaTeX Warning: Citation `Cooper2004' on page 2 undefined on input line 34.


LaTeX Warning: Reference `fig.configuration model' on page 2 undefined on input line 35.

<Content/Pictures/Configuration model.png, id=33, 554.07pt x 284.06125pt>
File: Content/Pictures/Configuration model.png Graphic file (type png)
<use Content/Pictures/Configuration model.png>
Package pdftex.def Info: Content/Pictures/Configuration model.png  used on input line 38.
(pdftex.def)             Requested size: 332.44456pt x 170.43805pt.

LaTeX Warning: Reference `fig.configuration modeloutforest' on page 2 undefined on input line 42.

[2 <c:/Users/Zhene/Documents/Directed-graphs/Content/Pictures/Configuration model.png>]
<Content/Pictures/Configuration model out-forest.png, id=47, 376.40625pt x 498.86375pt>
File: Content/Pictures/Configuration model out-forest.png Graphic file (type png)
<use Content/Pictures/Configuration model out-forest.png>
Package pdftex.def Info: Content/Pictures/Configuration model out-forest.png  used on input line 52.
(pdftex.def)             Requested size: 301.1254pt x 399.09154pt.
) (c:/Users\Zhene\Documents\Directed-graphs\Content/Sections/The important edges in the discrete and continuum.tex [3] [4 <c:/Users/Zhene/Documents/Directed-graphs/Content/Pictures/Configuration model out-forest.png>]

LaTeX Warning: Reference `subfigure.typesofsurplusedges' on page 5 undefined on input line 8.


LaTeX Warning: Reference `subfigure.sccinexample' on page 5 undefined on input line 8.


LaTeX Warning: Reference `lemma.whatispartofscc' on page 5 undefined on input line 8.

Package hyperref Info: bookmark level for unknown lemma defaults to 0 on input line 9.

Overfull \hbox (6.69089pt too wide) in paragraph at lines 12--13
[]\OT1/cmr/m/it/10.95 The ver-tices of a strongly com-po-nent are con-tained in one of the com-po-nents of $\OT1/cmr/m/n/10.95 ([](\OML/cmm/m/it/10.95 k\OT1/cmr/m/n/10.95 )\OML/cmm/m/it/10.95 ; k \OMS/cmsy/m/n/10.95 
 []


LaTeX Warning: Reference `item.factsonsccs1' on page 5 undefined on input line 20.


LaTeX Warning: Reference `item.factsonsccs2' on page 5 undefined on input line 21.


LaTeX Warning: Reference `item.factsonsccs4' on page 5 undefined on input line 22.


LaTeX Warning: Reference `item.factsonsccs2' on page 5 undefined on input line 22.


LaTeX Warning: Reference `item.factsonsccs4andabit' on page 5 undefined on input line 23.


LaTeX Warning: Reference `item.factsonsccs2' on page 5 undefined on input line 24.


LaTeX Warning: Reference `item.factsonsccs4' on page 5 undefined on input line 24.


LaTeX Warning: Reference `item.factsonsccs5' on page 5 undefined on input line 24.


LaTeX Warning: Reference `lemma.whatispartofscc' on page 5 undefined on input line 27.

Package hyperref Info: bookmark level for unknown definition defaults to 0 on input line 28.
[5]
Package hyperref Info: bookmark level for unknown corollary defaults to 0 on input line 36.


LaTeX Warning: Reference `def.candidate' on page 6 undefined on input line 40.


LaTeX Warning: Reference `item.factsonsccs1' on page 6 undefined on input line 40.


LaTeX Warning: Reference `cond.excursions2' on page 6 undefined on input line 40.


LaTeX Warning: Reference `item.factsonsccs4' on page 6 undefined on input line 40.


LaTeX Warning: Reference `item.factsonsccs5' on page 6 undefined on input line 40.


LaTeX Warning: Reference `lemma.whatispartofscc' on page 6 undefined on input line 40.

<Content/Pictures/Types of surplus edges.png, id=81, 298.11375pt x 265.99374pt>
File: Content/Pictures/Types of surplus edges.png Graphic file (type png)
<use Content/Pictures/Types of surplus edges.png>
Package pdftex.def Info: Content/Pictures/Types of surplus edges.png  used on input line 46.
(pdftex.def)             Requested size: 217.78351pt x 194.31993pt.
<Content/Pictures/SCC in example.png, id=82, 633.36626pt x 565.11125pt>
File: Content/Pictures/SCC in example.png Graphic file (type png)
<use Content/Pictures/SCC in example.png>
Package pdftex.def Info: Content/Pictures/SCC in example.png  used on input line 52.
(pdftex.def)             Requested size: 217.78351pt x 194.30824pt.

LaTeX Warning: Reference `cor.edgesinSCCs' on page 6 undefined on input line 59.


LaTeX Warning: Reference `subsec.measurechange' on page 6 undefined on input line 61.

[6] [7 <c:/Users/Zhene/Documents/Directed-graphs/Content/Pictures/Types of surplus edges.png> <c:/Users/Zhene/Documents/Directed-graphs/Content/Pictures/SCC in example.png>] [8]

LaTeX Warning: Reference `def.candidate' on page 9 undefined on input line 105.

[9]

LaTeX Warning: Reference `lemma.sampleoutforest' on page 10 undefined on input line 116.


LaTeX Warning: Reference `lemma.probancestral' on page 10 undefined on input line 116.


LaTeX Warning: Reference `lemma.samplecandidates' on page 10 undefined on input line 116.


LaTeX Warning: Reference `lemma.sampleheadcandidates' on page 10 undefined on input line 116.


LaTeX Warning: Reference `lemma.samplecandidates' on page 10 undefined on input line 126.


LaTeX Warning: Reference `lemma.sampleheadcandidates' on page 10 undefined on input line 127.


LaTeX Warning: Citation `Goldschmidt2019' on page 10 undefined on input line 140.


Underfull \hbox (badness 10000) in paragraph at lines 140--141

 []

(c:/Users\Zhene\Documents\Directed-graphs\Content/Sections/Real Trees.tex
Overfull \hbox (13.22218pt too wide) in paragraph at lines 3--4
[]\OT1/cmr/m/n/10.95 There ex-ists a unique isom-e-try $\OML/cmm/m/it/10.95 f[] \OT1/cmr/m/n/10.95 : [0\OML/cmm/m/it/10.95 ; d\OT1/cmr/m/n/10.95 (\OML/cmm/m/it/10.95 a; b\OT1/cmr/m/n/10.95 )] \OMS/cmsy/m/n/10.95 ! T$ \OT1/cmr/m/n/10.95 such that $\OML/cmm/m/it/10.95 f[]\OT1/cmr/m/n/10.95 (0) = \OML/cmm/m/it/10.95 a$ \OT1/cmr/m/n/10.95 and $\OML/cmm/m/it/10.95 f[]\OT1/cmr/m/n/10.95 (\OML/cmm/m/it/10.95 d\OT1/cmr/m/n/10.95 (\OML/cmm/m/it/10.95 a; b\OT1/cmr/m/n/10.95 )) =
 []

[10])

LaTeX Warning: Citation `AddarioBerry2010' on page 11 undefined on input line 149.

[11]) (c:/Users\Zhene\Documents\Directed-graphs\Content/Sections/Convergence of out-forest.tex
Package hyperref Info: bookmark level for unknown theorem defaults to 0 on input line 6.
 [12]
Package hyperref Info: bookmark level for unknown remark defaults to 0 on input line 20.

Overfull \hbox (3.6776pt too wide) in paragraph at lines 20--21
[]\OT1/cmr/bx/n/10.95 Remark 3.2. []\OT1/cmr/m/it/10.95 Note that the sign of the parabolic drift is the same as the sign of $\OML/cmm/m/it/10.95  \OMS/cmsy/m/n/10.95   \U/msb/m/n/10.95 E\OT1/cmr/m/n/10.95 [\OML/cmm/m/it/10.95 D[]\OT1/cmr/m/n/10.95 (\OML/cmm/m/it/10.95 D[]\OT1/cmr/m/n/10.95 )[]]$\OT1/cmr/m/it/10.95 ,
 []


LaTeX Warning: Reference `thm.convoutforest' on page 13 undefined on input line 24.


LaTeX Warning: Reference `subsec.measurechange' on page 13 undefined on input line 29.


LaTeX Warning: Reference `item.measurechangeexists' on page 13 undefined on input line 30.


LaTeX Warning: Reference `thm.convoutforest' on page 13 undefined on input line 32.

[13]

LaTeX Warning: Reference `lemma.sampleoutforest' on page 14 undefined on input line 52.


Overfull \hbox (6.7391pt too wide) in paragraph at lines 52--53
[]\OT1/cmr/m/n/10.95 This is a slight adap-ta-tion of Lemma [], with $([]\OML/cmm/m/it/10.95 ; [] ; []\OT1/cmr/m/n/10.95 )$ re-placed by $(\OT1/cmr/bx/n/10.95 Z[]\OML/cmm/m/it/10.95 ; [] ; \OT1/cmr/bx/n/10.95 Z[]\OT1/cmr/m/n/10.95 )$,
 []

[14]
Overfull \hbox (17.1308pt too wide) in paragraph at lines 72--73
\OT1/cmr/m/n/10.95 and note that this up-per bound is in-creas-ing in $\OML/cmm/m/it/10.95 k$\OT1/cmr/m/n/10.95 . Con-se-quently, con-di-tional on $(\OML/cmm/m/it/10.95 Y[]\OT1/cmr/m/n/10.95 (\OML/cmm/m/it/10.95 j\OT1/cmr/m/n/10.95 )\OML/cmm/m/it/10.95 ; Y[]\OT1/cmr/m/n/10.95 (\OML/cmm/m/it/10.95 j\OT1/cmr/m/n/10.95 )\OML/cmm/m/it/10.95 ; j \OMS/cmsy/m/n/10.95 
 []


LaTeX Warning: Reference `lemma.tightnesssurplusedges' on page 15 undefined on input line 86.


LaTeX Warning: Reference `eq.convergenceGWforest' on page 15 undefined on input line 86.


LaTeX Warning: Reference `eq.convergenceGWforest' on page 15 undefined on input line 92.


LaTeX Warning: Reference `lemma.tightnesssurplusedges' on page 15 undefined on input line 92.

[15] [16]

LaTeX Warning: Reference `eq.convergenceGWforest' on page 17 undefined on input line 120.


LaTeX Warning: Reference `lemma.convergenceQandP' on page 17 undefined on input line 120.


LaTeX Warning: Reference `cor.lukasiewiczpathpurplevertices' on page 17 undefined on input line 125.

Package hyperref Info: bookmark level for unknown proposition defaults to 0 on input line 126.

Overfull \hbox (44.19377pt too wide) detected at line 132
[]
 []


LaTeX Warning: Citation `Duquesne2005' on page 17 undefined on input line 137.


LaTeX Warning: Citation `Broutin2020' on page 17 undefined on input line 137.


LaTeX Warning: Reference `fig.blackpurpleredforest' on page 17 undefined on input line 138.

[17]
<Content/Pictures/black-purple-red tree.png, id=196, 518.93875pt x 351.3125pt>
File: Content/Pictures/black-purple-red tree.png Graphic file (type png)
<use Content/Pictures/black-purple-red tree.png>
Package pdftex.def Info: Content/Pictures/black-purple-red tree.png  used on input line 142.
(pdftex.def)             Requested size: 311.36565pt x 210.78911pt.
 [18 <c:/Users/Zhene/Documents/Directed-graphs/Content/Pictures/black-purple-red tree.png>]

LaTeX Warning: Reference `cor.lukasiewiczpathpurplevertices' on page 19 undefined on input line 164.


LaTeX Warning: Reference `prop.convheightprocesspurple' on page 19 undefined on input line 164.

[19]

LaTeX Warning: Reference `lemma.convergenceX+' on page 20 undefined on input line 190.


LaTeX Warning: Citation `Ethier1986' on page 20 undefined on input line 200.


LaTeX Warning: Reference `lemma.convergenceX+' on page 20 undefined on input line 204.


LaTeX Warning: Citation `Legall2005' on page 20 undefined on input line 205.


Overfull \hbox (20.6896pt too wide) detected at line 206
[][] [] [] []
 []


LaTeX Warning: Citation `Chaumont2010' on page 20 undefined on input line 207.

[20]

LaTeX Warning: Reference `lemma.technicalcomposedfunctions' on page 21 undefined on input line 215.


LaTeX Warning: Reference `eq.convergencebychaumont' on page 21 undefined on input line 215.


LaTeX Warning: Reference `lemma.convergenceQandP' on page 21 undefined on input line 215.


Overfull \hbox (18.76033pt too wide) detected at line 216
[] [] []
 []


LaTeX Warning: Reference `eq.convergencebychaumont' on page 21 undefined on input line 217.


LaTeX Warning: Reference `eq.convergencebychaumont' on page 21 undefined on input line 220.


LaTeX Warning: Reference `eq.hittingtimestableprocess' on page 21 undefined on input line 222.


LaTeX Warning: Reference `eq.convergencebychaumont' on page 21 undefined on input line 224.


LaTeX Warning: Reference `eq.convergencetheta' on page 21 undefined on input line 224.


LaTeX Warning: Reference `lemma.tightnesssurplusedges' on page 21 undefined on input line 224.


LaTeX Warning: Reference `eq.convergencebychaumont' on page 21 undefined on input line 226.


LaTeX Warning: Reference `eq.convergencetheta' on page 21 undefined on input line 226.


LaTeX Warning: Reference `eq.definitionY^{pr}' on page 21 undefined on input line 227.


LaTeX Warning: Reference `eq.definitionBpr' on page 21 undefined on input line 227.


LaTeX Warning: Reference `lemma.technicalcomposedfunctions' on page 21 undefined on input line 228.


LaTeX Warning: Reference `eq.convergenceX' on page 21 undefined on input line 230.


LaTeX Warning: Reference `eq.convergenceYpr' on page 21 undefined on input line 230.


LaTeX Warning: Reference `lemma.technicalcomposedfunctions' on page 21 undefined on input line 230.


LaTeX Warning: Reference `eq.convergencecompSprandtheta' on page 21 undefined on input line 230.


Overfull \hbox (50.01352pt too wide) detected at line 235
[] [] []
 []


LaTeX Warning: Reference `eq.constructionSp' on page 21 undefined on input line 241.


LaTeX Warning: Reference `lemma.convergenceX+' on page 21 undefined on input line 241.

[21]

LaTeX Warning: Reference `eq.convergenceSpr' on page 22 undefined on input line 248.


LaTeX Warning: Reference `prop.convheightprocesspurple' on page 22 undefined on input line 248.


LaTeX Warning: Citation `Legall2005' on page 22 undefined on input line 253.


Overfull \hbox (24.16093pt too wide) in paragraph at lines 253--254
[]\OT1/cmr/m/n/10.95 From [[]], we know that $[]$ is the height pro-cess cor-re-spond-ing to $[]$.
 []

[22]

LaTeX Warning: Reference `thm.convoutforest' on page 23 undefined on input line 268.


LaTeX Warning: Reference `prop.convheightprocesspurple' on page 23 undefined on input line 270.


LaTeX Warning: Reference `thm.convoutforest' on page 23 undefined on input line 270.


LaTeX Warning: Reference `thm.convoutforest' on page 23 undefined on input line 273.


LaTeX Warning: Reference `lemma.sampleoutforest' on page 23 undefined on input line 274.


LaTeX Warning: Reference `lemma.tightnesssurplusedges' on page 23 undefined on input line 283.

[23]

LaTeX Warning: Reference `prop.convheightprocesspurple' on page 24 undefined on input line 303.


LaTeX Warning: Citation `Conchon2018' on page 24 undefined on input line 303.

[24]

LaTeX Warning: Reference `prop.convheightprocesspurple' on page 25 undefined on input line 309.


LaTeX Warning: Citation `Joseph2014' on page 25 undefined on input line 313.


LaTeX Warning: Reference `thm.convoutforest' on page 25 undefined on input line 313.


LaTeX Warning: Citation `Joseph2014' on page 25 undefined on input line 320.


LaTeX Warning: Citation `Conchon2018' on page 25 undefined on input line 320.


LaTeX Warning: Citation `Joseph2014' on page 25 undefined on input line 320.


LaTeX Warning: Citation `Conchon2018' on page 25 undefined on input line 320.


LaTeX Warning: Citation `Joseph2014' on page 25 undefined on input line 323.

[25]

LaTeX Warning: Citation `Joseph2014' on page 26 undefined on input line 333.


Overfull \hbox (0.17233pt too wide) in paragraph at lines 338--338
\OT1/cmr/m/n/10.95 the points of $[]$ or-dered by time are dis-tributed as $([]\OML/cmm/m/it/10.95 ; [] ; []\OT1/cmr/m/n/10.95 )$ con-di-tioned on $[][] \OML/cmm/m/it/10.95 D[] \OT1/cmr/m/n/10.95 =
 []

[26] [27]

LaTeX Warning: Reference `eq.convergencemomentpointprocess1' on page 28 undefined on input line 366.


LaTeX Warning: Reference `eq.convergencemomentpointprocess1' on page 28 undefined on input line 367.


LaTeX Warning: Reference `eq.expectationtobound' on page 28 undefined on input line 379.

[28]

LaTeX Warning: Reference `eq.expectationtobound' on page 29 undefined on input line 387.


LaTeX Warning: Reference `eq.convergencemomentpointprocess2' on page 29 undefined on input line 388.


LaTeX Warning: Reference `eq.convergencemomentpointprocess3' on page 29 undefined on input line 388.


LaTeX Warning: Reference `eq.convergencemomentpointprocess4' on page 29 undefined on input line 388.


LaTeX Warning: Reference `eq.convergencemomentpointprocess5' on page 29 undefined on input line 388.


LaTeX Warning: Reference `thm.convoutforest' on page 29 undefined on input line 393.


LaTeX Warning: Reference `prop.anomalousedges' on page 29 undefined on input line 396.


LaTeX Warning: Citation `Joseph2014' on page 29 undefined on input line 396.

) (c:/Users\Zhene\Documents\Directed-graphs\Content/Sections/Convergence of SSC.tex

LaTeX Warning: Reference `sec.convoutforest' on page 29 undefined on input line 3.


LaTeX Warning: Reference `subsubsec.samplecandidates' on page 29 undefined on input line 14.


LaTeX Warning: Reference `thm.convoutforest' on page 29 undefined on input line 15.

[29]

LaTeX Warning: Citation `Deraphelis2017' on page 30 undefined on input line 28.


LaTeX Warning: Reference `subsubsec.convheightprocess' on page 30 undefined on input line 28.


LaTeX Warning: Citation `Deraphelis2017' on page 30 undefined on input line 30.


LaTeX Warning: Reference `subsubsec.convheightprocess' on page 30 undefined on input line 36.


LaTeX Warning: Reference `subsubsec.convheightprocess' on page 30 undefined on input line 42.


LaTeX Warning: Reference `subsubsec.convaftermeasurechange' on page 30 undefined on input line 42.


LaTeX Warning: Citation `Deraphelis2017' on page 30 undefined on input line 43.

[30]

LaTeX Warning: Reference `lemma.heightprocesswithlengths' on page 31 undefined on input line 55.


LaTeX Warning: Citation `DaleyVereJones' on page 31 undefined on input line 67.


LaTeX Warning: Reference `lemma.heightprocesswithlengths' on page 31 undefined on input line 71.


LaTeX Warning: Reference `eq.convergencecompensator' on page 31 undefined on input line 71.


LaTeX Warning: Reference `lemma.heightprocesswithlengths' on page 31 undefined on input line 78.


LaTeX Warning: Reference `lemma.technicalcomposedfunctions' on page 31 undefined on input line 78.


LaTeX Warning: Reference `lemma.technicalcomposedfunctions' on page 31 undefined on input line 82.


LaTeX Warning: Reference `eq.convergencecompensator' on page 31 undefined on input line 82.


LaTeX Warning: Reference `prop.convergenceancestraledges' on page 31 undefined on input line 86.


LaTeX Warning: Reference `lemma.extractexcursions' on page 31 undefined on input line 86.

[31]

LaTeX Warning: Reference `cond.excursions1' on page 32 undefined on input line 108.


LaTeX Warning: Reference `cond.excursions2' on page 32 undefined on input line 108.


LaTeX Warning: Reference `cond.excursions3' on page 32 undefined on input line 108.


LaTeX Warning: Reference `cond.excursions1' on page 32 undefined on input line 108.


LaTeX Warning: Reference `cond.excursions2' on page 32 undefined on input line 108.


LaTeX Warning: Reference `cond.excursions4' on page 32 undefined on input line 108.


LaTeX Warning: Reference `cond.excursions1' on page 32 undefined on input line 108.


LaTeX Warning: Reference `cond.excursions2' on page 32 undefined on input line 113.


LaTeX Warning: Reference `cond.excursions3' on page 32 undefined on input line 113.


LaTeX Warning: Reference `cond.excursions4' on page 32 undefined on input line 113.

[32]
Overfull \hbox (34.00598pt too wide) detected at line 128
[]
 []


LaTeX Warning: Reference `lemma.extractexcursions' on page 33 undefined on input line 129.


LaTeX Warning: Reference `prop.convergenceancestraledges' on page 33 undefined on input line 131.


LaTeX Warning: Reference `prop.convergenceancestraledges' on page 33 undefined on input line 134.


LaTeX Warning: Reference `lemma.extractexcursions' on page 33 undefined on input line 134.


Overfull \hbox (7.18259pt too wide) in paragraph at lines 134--134
\OT1/cmr/m/n/10.95 surely, and claim that we can ap-ply Lemma [] to the sam-ple paths of $[]$
 []


LaTeX Warning: Reference `lemma.extractexcursions' on page 33 undefined on input line 137.

[33]

LaTeX Warning: Reference `prop.extractexcursions' on page 34 undefined on input line 166.


LaTeX Warning: Reference `lemma.samplecandidates' on page 34 undefined on input line 166.


LaTeX Warning: Reference `prop.convergenceancestraledges' on page 34 undefined on input line 178.


LaTeX Warning: Reference `prop.extractexcursions' on page 34 undefined on input line 178.


LaTeX Warning: Reference `lemma.samplecandidates' on page 34 undefined on input line 178.


LaTeX Warning: Reference `subsubsec.samplecontinuousobject' on page 34 undefined on input line 178.


LaTeX Warning: Reference `prop.extractexcursions' on page 34 undefined on input line 178.


LaTeX Warning: Reference `prop.convergenceancestraledges' on page 34 undefined on input line 183.


LaTeX Warning: Reference `prop.extractexcursions' on page 34 undefined on input line 183.


LaTeX Warning: Reference `prop.extractexcursions' on page 34 undefined on input line 190.


Overfull \hbox (2.99684pt too wide) in paragraph at lines 189--190
\OT1/cmr/m/n/10.95 for $\OML/cmm/m/it/10.95 t \OMS/cmsy/m/n/10.95 2 \OT1/cmr/m/n/10.95 [\OML/cmm/m/it/10.95 C[]; G \OT1/cmr/m/n/10.95 + ]$ and $0$ oth-er-wise, where $\OML/cmm/m/it/10.95 T[]$ \OT1/cmr/m/n/10.95 is the sub-tree of $\OMS/cmsy/m/n/10.95 T[]$ \OT1/cmr/m/n/10.95 spanned by $\OMS/cmsy/m/n/10.95 f\OML/cmm/m/it/10.95 G; C[]; [] ; C[]; t\OMS/cmsy/m/n/10.95 g$\OT1/cmr/m/n/10.95 ,
 []

[34]

LaTeX Warning: Reference `prop.convergenceancestraledges' on page 35 undefined on input line 191.


LaTeX Warning: Reference `subsubsec.samplecontinuousobject' on page 35 undefined on input line 196.


LaTeX Warning: Reference `prop.convergenceancestraledges' on page 35 undefined on input line 201.


LaTeX Warning: Reference `prop.extractexcursions' on page 35 undefined on input line 201.


LaTeX Warning: Reference `prop.convergencestartingpointscandidates' on page 35 undefined on input line 201.


LaTeX Warning: Reference `thm.convoutforest' on page 35 undefined on input line 210.


LaTeX Warning: Reference `prop.extractexcursions' on page 35 undefined on input line 210.


LaTeX Warning: Reference `prop.convergencestartingpointscandidates' on page 35 undefined on input line 210.

[35]

c:/Users\Zhene\Documents\Directed-graphs\Content/Sections/Convergence of SSC.tex:216: LaTeX Error: There's no line here to end.

See the LaTeX manual or LaTeX Companion for explanation.
Type  H <return>  for immediate help.
 ...                                              
                                                  
l.216 T
       he proof of Propositions \ref{prop.convergencestartingpointscandidate...
Your command was ignored.
Type  I <command> <return>  to replace it with another command,
or  <return>  to continue without it.


LaTeX Warning: Reference `prop.convergencestartingpointscandidates' on page 36 undefined on input line 216.


LaTeX Warning: Reference `prop.convergenceheadscandidates' on page 36 undefined on input line 216.


LaTeX Warning: Reference `prop.convergencestartingpointscandidates' on page 36 undefined on input line 218.


LaTeX Warning: Reference `prop.convergenceheadscandidates' on page 36 undefined on input line 218.


LaTeX Warning: Reference `subsubsec.samplecandidates' on page 36 undefined on input line 225.


LaTeX Warning: Reference `prop.convergencestartingpointscandidates' on page 36 undefined on input line 227.


LaTeX Warning: Reference `prop.convergenceheadscandidates' on page 36 undefined on input line 227.


LaTeX Warning: Citation `Goldschmidt2019' on page 36 undefined on input line 232.


LaTeX Warning: Reference `prop.convergencestartingpointscandidates' on page 36 undefined on input line 235.


LaTeX Warning: Reference `prop.convergenceheadscandidates' on page 36 undefined on input line 235.


LaTeX Warning: Citation `Goldschmidt2019' on page 36 undefined on input line 238.


LaTeX Warning: Citation `Goldschmidt2019' on page 36 undefined on input line 238.

[36]

LaTeX Warning: Reference `prop.extractexcursions' on page 37 undefined on input line 247.


LaTeX Warning: Reference `cor.sccsinonetreeconverge' on page 37 undefined on input line 247.


LaTeX Warning: Citation `Goldschmidt2019' on page 37 undefined on input line 247.


LaTeX Warning: Citation `Aldous1991' on page 37 undefined on input line 250.


LaTeX Warning: Reference `prop.convergenceheadscandidates' on page 37 undefined on input line 264.


c:/Users\Zhene\Documents\Directed-graphs\Content/Sections/Convergence of SSC.tex:269: LaTeX Error: There's no line here to end.

See the LaTeX manual or LaTeX Companion for explanation.
Type  H <return>  for immediate help.
 ...                                              
                                                  
l.269 
      
Your command was ignored.
Type  I <command> <return>  to replace it with another command,
or  <return>  to continue without it.


LaTeX Warning: Reference `cor.sccordereduptotimeT' on page 37 undefined on input line 270.


LaTeX Warning: Reference `lemma.largesccfoundfirst' on page 37 undefined on input line 270.

) (c:/Users\Zhene\Documents\Directed-graphs\Content/Support/Bibliography.tex
No file main.bbl.
) [37] [38] (c:/Users\Zhene\Documents\Directed-graphs\main.aux)

LaTeX Warning: There were undefined references.


LaTeX Warning: Label(s) may have changed. Rerun to get cross-references right.


Package rerunfilecheck Warning: File `main.out' has changed.
(rerunfilecheck)                Rerun to get outlines right
(rerunfilecheck)                or use package `bookmark'.

Package rerunfilecheck Info: Checksums for `main.out':
(rerunfilecheck)             Before: <no file>
(rerunfilecheck)             After:  396159E44F7F5C3417C680B1E7CE905A;6115.
 ) 
Here is how much of TeX's memory you used:
 14223 strings out of 479334
 232995 string characters out of 2857085
 538336 words of memory out of 3000000
 31241 multiletter control sequences out of 15000+200000
 417551 words of font info for 81 fonts, out of 3000000 for 9000
 1141 hyphenation exceptions out of 8191
 71i,18n,74p,1467b,568s stack positions out of 5000i,500n,10000p,200000b,50000s
 <C:\Users\Zhene\AppData\Local\MiKTeX\fonts/pk/ljfour/jknappen/ec/dpi600\tcrm1095.pk><C:/Users/Zhene/AppData/Local/Programs/MiKTeX/fonts/type1/public/amsfonts/cm/cmbx10.pfb><C:/Users/Zhene/AppData/Local/Programs/MiKTeX/fonts/type1/public/amsfonts/cm/cmbx12.pfb><C:/Users/Zhene/AppData/Local/Programs/MiKTeX/fonts/type1/public/amsfonts/cm/cmbx8.pfb><C:/Users/Zhene/AppData/Local/Programs/MiKTeX/fonts/type1/public/amsfonts/cm/cmex10.pfb><C:/Users/Zhene/AppData/Local/Programs/MiKTeX/fonts/type1/public/amsfonts/cm/cmmi10.pfb><C:/Users/Zhene/AppData/Local/Programs/MiKTeX/fonts/type1/public/amsfonts/cm/cmmi6.pfb><C:/Users/Zhene/AppData/Local/Programs/MiKTeX/fonts/type1/public/amsfonts/cm/cmmi8.pfb><C:/Users/Zhene/AppData/Local/Programs/MiKTeX/fonts/type1/public/amsfonts/cm/cmr10.pfb><C:/Users/Zhene/AppData/Local/Programs/MiKTeX/fonts/type1/public/amsfonts/cm/cmr12.pfb><C:/Users/Zhene/AppData/Local/Programs/MiKTeX/fonts/type1/public/amsfonts/cm/cmr17.pfb><C:/Users/Zhene/AppData/Local/Programs/MiKTeX/fonts/type1/public/amsfonts/cm/cmr6.pfb><C:/Users/Zhene/AppData/Local/Programs/MiKTeX/fonts/type1/public/amsfonts/cm/cmr8.pfb><C:/Users/Zhene/AppData/Local/Programs/MiKTeX/fonts/type1/public/amsfonts/cm/cmsy10.pfb><C:/Users/Zhene/AppData/Local/Programs/MiKTeX/fonts/type1/public/amsfonts/cm/cmsy6.pfb><C:/Users/Zhene/AppData/Local/Programs/MiKTeX/fonts/type1/public/amsfonts/cm/cmsy8.pfb><C:/Users/Zhene/AppData/Local/Programs/MiKTeX/fonts/type1/public/amsfonts/cm/cmti10.pfb><C:/Users/Zhene/AppData/Local/Programs/MiKTeX/fonts/type1/public/amsfonts/cm/cmti8.pfb><C:/Users/Zhene/AppData/Local/Programs/MiKTeX/fonts/type1/public/amsfonts/symbols/msbm10.pfb><C:/Users/Zhene/AppData/Local/Programs/MiKTeX/fonts/type1/public/hoekwater/stmary10.pfb>
Output written on c:/Users\Zhene\Documents\Directed-graphs\main.pdf (38 pages, 504123 bytes).
PDF statistics:
 479 PDF objects out of 1000 (max. 8388607)
 216 named destinations out of 1000 (max. 500000)
 26 words of extra memory for PDF output out of 10000 (max. 10000000)

